"../../../../../../Users/User/Documents/GitHub/TunnelBall/Content/GameMap_BuiltData.uasset" 0
"../../../../../../Users/User/Documents/GitHub/TunnelBall/Content/NewMap_BuiltData.uasset" 1
"../../../../../../Users/User/Documents/GitHub/TunnelBall/Content/Geometry/Meshes/CubeMaterial.uasset" 2
"../../../../../../Users/User/Documents/GitHub/TunnelBall/Content/Geometry/Meshes/TemplateFloor.uasset" 3
"../../../../../../Users/User/Documents/GitHub/TunnelBall/Content/MobileStarterContent/Materials/M_Basic_Floor.uasset" 4
"../../../../../../Users/User/Documents/GitHub/TunnelBall/Content/MobileStarterContent/Architecture/Floor_400x400.uasset" 5
"../../../../../../Users/User/Documents/GitHub/TunnelBall/Content/MobileStarterContent/Audio/Explosion01.uasset" 6
"../../../../../../Users/User/Documents/GitHub/TunnelBall/Content/MobileStarterContent/Audio/Explosion02.uasset" 7
"../../../../../../Users/User/Documents/GitHub/TunnelBall/Content/MobileStarterContent/Audio/Explosion_Cue.uasset" 8
"../../../../../../Users/User/Documents/GitHub/TunnelBall/Content/MobileStarterContent/Particles/Materials/M_Burst.uasset" 9
"../../../../../../Users/User/Documents/GitHub/TunnelBall/Content/MobileStarterContent/Textures/T_Explosion_SubUV.uasset" 10
"../../../../../../Users/User/Documents/GitHub/TunnelBall/Content/MobileStarterContent/Particles/Materials/M_explosion_subUV.uasset" 11
"../../../../../../Users/User/Documents/GitHub/TunnelBall/Content/MobileStarterContent/Particles/Materials/m_flare_01.uasset" 12
"../../../Engine/Content/Functions/Engine_MaterialFunctions01/Gradient/RadialGradient.uasset" 13
"../../../../../../Users/User/Documents/GitHub/TunnelBall/Content/MobileStarterContent/Particles/Materials/M_radial_ramp.uasset" 14
"../../../../../../Users/User/Documents/GitHub/TunnelBall/Content/MobileStarterContent/Textures/T_Smoke_SubUV.uasset" 15
"../../../../../../Users/User/Documents/GitHub/TunnelBall/Content/MobileStarterContent/Textures/T_Smoke_Tiled_D.uasset" 16
"../../../../../../Users/User/Documents/GitHub/TunnelBall/Content/MobileStarterContent/Particles/Materials/M_smoke_subUV.uasset" 17
"../../../../../../Users/User/Documents/GitHub/TunnelBall/Content/MobileStarterContent/Particles/P_Explosion.uasset" 18
"../../../../../../Users/User/Documents/GitHub/TunnelBall/Content/MobileStarterContent/Blueprints/Blueprint_Effect_Explosion.uasset" 19
"../../../../../../Users/User/Documents/GitHub/TunnelBall/Content/MobileStarterContent/Textures/T_Fire_SubUV.uasset" 20
"../../../../../../Users/User/Documents/GitHub/TunnelBall/Content/MobileStarterContent/Textures/T_Fire_Tiled_D.uasset" 21
"../../../../../../Users/User/Documents/GitHub/TunnelBall/Content/MobileStarterContent/Particles/Materials/M_Fire_SubUV.uasset" 22
"../../../../../../Users/User/Documents/GitHub/TunnelBall/Content/MobileStarterContent/Particles/Materials/M_Radial_Gradient.uasset" 23
"../../../../../../Users/User/Documents/GitHub/TunnelBall/Content/MobileStarterContent/Particles/P_Fire.uasset" 24
"../../../../../../Users/User/Documents/GitHub/TunnelBall/Content/MobileStarterContent/Blueprints/Blueprint_Effect_Fire.uasset" 25
"../../../../../../Users/User/Documents/GitHub/TunnelBall/Content/MobileStarterContent/Particles/P_Smoke.uasset" 26
"../../../../../../Users/User/Documents/GitHub/TunnelBall/Content/MobileStarterContent/Blueprints/Blueprint_Effect_Smoke.uasset" 27
"../../../../../../Users/User/Documents/GitHub/TunnelBall/Content/MobileStarterContent/Blueprints/Blueprint_Effect_Sparks.uasset" 28
"../../../../../../Users/User/Documents/GitHub/TunnelBall/Content/MobileStarterContent/Materials/M_Brick_Clay_Beveled.uasset" 29
"../../../../../../Users/User/Documents/GitHub/TunnelBall/Content/MobileStarterContent/Materials/M_Brick_Clay_New.uasset" 30
"../../../../../../Users/User/Documents/GitHub/TunnelBall/Content/MobileStarterContent/Materials/M_Brick_Clay_Old.uasset" 31
"../../../../../../Users/User/Documents/GitHub/TunnelBall/Content/MobileStarterContent/Materials/M_Brick_Cut_Stone.uasset" 32
"../../../../../../Users/User/Documents/GitHub/TunnelBall/Content/MobileStarterContent/Materials/M_Brick_Hewn_Stone.uasset" 33
"../../../../../../Users/User/Documents/GitHub/TunnelBall/Content/MobileStarterContent/Textures/T_CobbleStone_Pebble_D.uasset" 34
"../../../../../../Users/User/Documents/GitHub/TunnelBall/Content/MobileStarterContent/Textures/T_CobbleStone_Pebble_N.uasset" 35
"../../../../../../Users/User/Documents/GitHub/TunnelBall/Content/MobileStarterContent/Materials/M_CobbleStone_Pebble.uasset" 36
"../../../../../../Users/User/Documents/GitHub/TunnelBall/Content/MobileStarterContent/Textures/T_CobbleStone_Rough_D.uasset" 37
"../../../../../../Users/User/Documents/GitHub/TunnelBall/Content/MobileStarterContent/Textures/T_CobbleStone_Rough_N.uasset" 38
"../../../../../../Users/User/Documents/GitHub/TunnelBall/Content/MobileStarterContent/Materials/M_CobbleStone_Rough.uasset" 39
"../../../../../../Users/User/Documents/GitHub/TunnelBall/Content/MobileStarterContent/Textures/T_CobbleStone_Smooth_D.uasset" 40
"../../../../../../Users/User/Documents/GitHub/TunnelBall/Content/MobileStarterContent/Textures/T_CobbleStone_Smooth_M.uasset" 41
"../../../../../../Users/User/Documents/GitHub/TunnelBall/Content/MobileStarterContent/Textures/T_CobbleStone_Smooth_N.uasset" 42
"../../../../../../Users/User/Documents/GitHub/TunnelBall/Content/MobileStarterContent/Materials/M_CobbleStone_Smooth.uasset" 43
"../../../../../../Users/User/Documents/GitHub/TunnelBall/Content/MobileStarterContent/Textures/T_Concrete_Grime_D.uasset" 44
"../../../../../../Users/User/Documents/GitHub/TunnelBall/Content/MobileStarterContent/Textures/T_Metal_Rust_N.uasset" 45
"../../../../../../Users/User/Documents/GitHub/TunnelBall/Content/MobileStarterContent/Materials/M_Concrete_Grime.uasset" 46
"../../../../../../Users/User/Documents/GitHub/TunnelBall/Content/MobileStarterContent/Textures/T_Concrete_Panels_D.uasset" 47
"../../../../../../Users/User/Documents/GitHub/TunnelBall/Content/MobileStarterContent/Textures/T_Concrete_Panels_N.uasset" 48
"../../../../../../Users/User/Documents/GitHub/TunnelBall/Content/MobileStarterContent/Materials/M_Concrete_Panels.uasset" 49
"../../../../../../Users/User/Documents/GitHub/TunnelBall/Content/MobileStarterContent/Textures/T_Concrete_Poured_D.uasset" 50
"../../../../../../Users/User/Documents/GitHub/TunnelBall/Content/MobileStarterContent/Textures/T_Concrete_Poured_N.uasset" 51
"../../../../../../Users/User/Documents/GitHub/TunnelBall/Content/MobileStarterContent/Materials/M_Concrete_Poured.uasset" 52
"../../../../../../Users/User/Documents/GitHub/TunnelBall/Content/MobileStarterContent/Textures/T_Concrete_Tiles_D.uasset" 53
"../../../../../../Users/User/Documents/GitHub/TunnelBall/Content/MobileStarterContent/Textures/T_Concrete_Tiles_M.uasset" 54
"../../../../../../Users/User/Documents/GitHub/TunnelBall/Content/MobileStarterContent/Textures/T_Concrete_Tiles_N.uasset" 55
"../../../../../../Users/User/Documents/GitHub/TunnelBall/Content/MobileStarterContent/Materials/M_Concrete_Tiles.uasset" 56
"../../../../../../Users/User/Documents/GitHub/TunnelBall/Content/MobileStarterContent/Textures/T_Ground_Grass_D.uasset" 57
"../../../../../../Users/User/Documents/GitHub/TunnelBall/Content/MobileStarterContent/Textures/T_Ground_Grass_N.uasset" 58
"../../../../../../Users/User/Documents/GitHub/TunnelBall/Content/MobileStarterContent/Materials/M_Ground_Grass.uasset" 59
"../../../../../../Users/User/Documents/GitHub/TunnelBall/Content/MobileStarterContent/Textures/T_ground_Moss_D.uasset" 60
"../../../../../../Users/User/Documents/GitHub/TunnelBall/Content/MobileStarterContent/Textures/T_Ground_Moss_N.uasset" 61
"../../../../../../Users/User/Documents/GitHub/TunnelBall/Content/MobileStarterContent/Materials/M_Ground_Moss.uasset" 62
"../../../../../../Users/User/Documents/GitHub/TunnelBall/Content/MobileStarterContent/Textures/T_MacroVariation.uasset" 63
"../../../../../../Users/User/Documents/GitHub/TunnelBall/Content/MobileStarterContent/Materials/M_Metal_Brushed_Nickel.uasset" 64
"../../../../../../Users/User/Documents/GitHub/TunnelBall/Content/MobileStarterContent/Textures/T_Metal_Aluminum_D.uasset" 65
"../../../../../../Users/User/Documents/GitHub/TunnelBall/Content/MobileStarterContent/Textures/T_Metal_Gold_N.uasset" 66
"../../../../../../Users/User/Documents/GitHub/TunnelBall/Content/MobileStarterContent/Materials/M_Metal_Burnished_Steel.uasset" 67
"../../../../../../Users/User/Documents/GitHub/TunnelBall/Content/MobileStarterContent/Materials/M_Metal_Chrome.uasset" 68
"../../../../../../Users/User/Documents/GitHub/TunnelBall/Content/MobileStarterContent/Textures/T_Metal_Copper_D.uasset" 69
"../../../../../../Users/User/Documents/GitHub/TunnelBall/Content/MobileStarterContent/Materials/M_Metal_Copper.uasset" 70
"../../../../../../Users/User/Documents/GitHub/TunnelBall/Content/MobileStarterContent/Textures/T_Metal_Rust_D.uasset" 71
"../../../../../../Users/User/Documents/GitHub/TunnelBall/Content/MobileStarterContent/Materials/M_Metal_Rust.uasset" 72
"../../../../../../Users/User/Documents/GitHub/TunnelBall/Content/MobileStarterContent/Textures/T_Metal_Steel_D.uasset" 73
"../../../../../../Users/User/Documents/GitHub/TunnelBall/Content/MobileStarterContent/Textures/T_Metal_Steel_N.uasset" 74
"../../../../../../Users/User/Documents/GitHub/TunnelBall/Content/MobileStarterContent/Materials/M_Metal_Steel.uasset" 75
"../../../../../../Users/User/Documents/GitHub/TunnelBall/Content/MobileStarterContent/Materials/M_Rock_Marble_Polished.uasset" 76
"../../../../../../Users/User/Documents/GitHub/TunnelBall/Content/MobileStarterContent/Materials/M_Rock_Sandstone.uasset" 77
"../../../../../../Users/User/Documents/GitHub/TunnelBall/Content/MobileStarterContent/Materials/M_Rock_Slate.uasset" 78
"../../../Engine/Content/Functions/Engine_MaterialFunctions01/Opacity/CameraDepthFade.uasset" 79
"../../../Engine/Content/EngineMaterials/T_Default_Material_Grid_M.uasset" 80
"../../../Engine/Content/EngineMaterials/T_Default_Material_Grid_N.uasset" 81
"../../../Engine/Content/EngineMaterials/WorldGridMaterial.uasset" 82
"../../../../../../Users/User/Documents/GitHub/TunnelBall/Content/MobileStarterContent/Props/MaterialSphere.uasset" 83
"../../../../../../Users/User/Documents/GitHub/TunnelBall/Content/MobileStarterContent/Props/Materials/M_MaterialSphere.uasset" 84
"../../../../../../Users/User/Documents/GitHub/TunnelBall/Content/MobileStarterContent/Props/Materials/M_MaterialSphere_Plain.uasset" 85
"../../../../../../Users/User/Documents/GitHub/TunnelBall/Content/MobileStarterContent/Materials/M_Basic_Wall.uasset" 86
"../../../../../../Users/User/Documents/GitHub/TunnelBall/Content/MobileStarterContent/Shapes/Shape_Plane.uasset" 87
"../../../../../../Users/User/Documents/GitHub/TunnelBall/Content/MobileStarterContent/Shapes/Shape_Torus.uasset" 88
"../../../../../../Users/User/Documents/GitHub/TunnelBall/Content/MobileStarterContent/Textures/T_Chair_M.uasset" 89
"../../../../../../Users/User/Documents/GitHub/TunnelBall/Content/MobileStarterContent/Textures/T_Chair_N.uasset" 90
"../../../../../../Users/User/Documents/GitHub/TunnelBall/Content/MobileStarterContent/Textures/T_Checker_Noise_M.uasset" 91
"../../../../../../Users/User/Documents/GitHub/TunnelBall/Content/MobileStarterContent/Textures/T_CobbleStone_Pebble_M.uasset" 92
"../../../../../../Users/User/Documents/GitHub/TunnelBall/Content/MobileStarterContent/Textures/T_Concrete_Tiles_Variation_M.uasset" 93
"../../../../../../Users/User/Documents/GitHub/TunnelBall/Content/MobileStarterContent/Textures/T_Detail_Rocky_N.uasset" 94
"../../../../../../Users/User/Documents/GitHub/TunnelBall/Content/MobileStarterContent/Textures/T_Door_M.uasset" 95
"../../../../../../Users/User/Documents/GitHub/TunnelBall/Content/MobileStarterContent/Textures/T_Door_N.uasset" 96
"../../../../../../Users/User/Documents/GitHub/TunnelBall/Content/MobileStarterContent/Textures/T_Dust_Particle_D.uasset" 97
"../../../../../../Users/User/Documents/GitHub/TunnelBall/Content/MobileStarterContent/Textures/T_Frame_M.uasset" 98
"../../../../../../Users/User/Documents/GitHub/TunnelBall/Content/MobileStarterContent/Textures/T_Frame_N.uasset" 99
"../../../../../../Users/User/Documents/GitHub/TunnelBall/Content/MobileStarterContent/Textures/T_Gradinet_01.uasset" 100
"../../../../../../Users/User/Documents/GitHub/TunnelBall/Content/MobileStarterContent/Textures/T_Lamp_M.uasset" 101
"../../../../../../Users/User/Documents/GitHub/TunnelBall/Content/MobileStarterContent/Textures/T_Lamp_N.uasset" 102
"../../../../../../Users/User/Documents/GitHub/TunnelBall/Content/MobileStarterContent/Textures/T_Perlin_Noise_M.uasset" 103
"../../../../../../Users/User/Documents/GitHub/TunnelBall/Content/MobileStarterContent/Textures/T_Spark_Core.uasset" 104
"../../../../../../Users/User/Documents/GitHub/TunnelBall/Content/Rolling/Materials/BaseMaterial.uasset" 105
"../../../../../../Users/User/Documents/GitHub/TunnelBall/Content/Rolling/Materials/GrayMaterial.uasset" 106
"../../../../../../Users/User/Documents/GitHub/TunnelBall/Content/Rolling/Materials/GrayMetalMaterial.uasset" 107
"../../../../../../Users/User/Documents/GitHub/TunnelBall/Content/Rolling/Materials/OrangeMetalMaterial.uasset" 108
"../../../Engine/Content/EngineMaterials/DefaultMaterial.uasset" 109
"../../../Engine/Content/BasicShapes/Cone.uasset" 110
"../../../Engine/Content/BasicShapes/Cube.uasset" 111
"../../../Engine/Content/BasicShapes/Cylinder.uasset" 112
"../../../Engine/Content/BasicShapes/Plane.uasset" 113
"../../../Engine/Content/BasicShapes/Sphere.uasset" 114
"../../../Engine/Content/EditorLandscapeResources/DataLayer.uasset" 115
"../../../Engine/Content/EditorMaterials/GizmoMaterial.uasset" 116
"../../../Engine/Content/EditorMaterials/MAT_Groups_Toggle.uasset" 117
"../../../Engine/Content/EditorMaterials/MAT_Groups_Visibility.uasset" 118
"../../../Engine/Content/EditorMaterials/PreviewShadowIndicator.uasset" 119
"../../../Engine/Content/EditorMaterials/PreviewShadowIndicatorMaterial.uasset" 120
"../../../Engine/Content/EditorMaterials/MatineeGroups/MAT_ColorTrack.uasset" 121
"../../../Engine/Content/EditorMaterials/MatineeGroups/MAT_Groups_Anim.uasset" 122
"../../../Engine/Content/EditorMaterials/MatineeGroups/MAT_Groups_AudioMaster.uasset" 123
"../../../Engine/Content/EditorMaterials/MatineeGroups/MAT_Groups_Director.uasset" 124
"../../../Engine/Content/EditorMaterials/MatineeGroups/MAT_Groups_Event.uasset" 125
"../../../Engine/Content/EditorMaterials/MatineeGroups/MAT_Groups_Fade.uasset" 126
"../../../Engine/Content/EditorMaterials/MatineeGroups/MAT_Groups_Float.uasset" 127
"../../../Engine/Content/EditorMaterials/MatineeGroups/MAT_Groups_Move.uasset" 128
"../../../Engine/Content/EditorMaterials/MatineeGroups/MAT_Groups_Slomo.uasset" 129
"../../../Engine/Content/EditorMaterials/MatineeGroups/MAT_Groups_Sound.uasset" 130
"../../../Engine/Content/EditorMaterials/MatineeGroups/MAT_Groups_Vector.uasset" 131
"../../../Engine/Content/EditorMaterials/ParticleSystems/PSysThumbnail_NoImage.uasset" 132
"../../../Engine/Content/EditorMaterials/ParticleSystems/PSysThumbnail_OOD.uasset" 133
"../../../Engine/Content/EditorMaterials/Camera/CineMat.uasset" 134
"../../../Engine/Content/EditorMaterials/Camera/MI_CineMat_Rig.uasset" 135
"../../../Engine/Content/EditorMeshes/Camera/SM_CraneRig_Arm.uasset" 136
"../../../Engine/Content/EditorMeshes/Camera/SM_CraneRig_Base.uasset" 137
"../../../Engine/Content/EditorMeshes/Camera/SM_CraneRig_Body.uasset" 138
"../../../Engine/Content/EditorMeshes/Camera/SM_CraneRig_Mount.uasset" 139
"../../../Engine/Content/EditorMeshes/Camera/SM_RailRig_Mount.uasset" 140
"../../../Engine/Content/EditorMeshes/Camera/SM_RailRig_Track.uasset" 141
"../../../Engine/Content/EditorMeshes/ColorCalibrator/M_ChromeBall.uasset" 142
"../../../Engine/Content/EditorMeshes/ColorCalibrator/M_ClearCoat.uasset" 143
"../../../Engine/Content/EditorMeshes/ColorCalibrator/M_ClearCoatBlack.uasset" 144
"../../../Engine/Content/EditorMeshes/ColorCalibrator/Color_checker.uasset" 145
"../../../Engine/Content/EditorMeshes/ColorCalibrator/M_ColorGrid.uasset" 146
"../../../Engine/Content/EditorMeshes/ColorCalibrator/M_GreyBall.uasset" 147
"../../../Engine/Content/EditorMeshes/ColorCalibrator/SM_ColorCalibrator.uasset" 148
"../../../Engine/Content/EditorResources/BSPVertex.uasset" 149
"../../../Engine/Content/EditorResources/EmptyActor.uasset" 150
"../../../Engine/Content/EditorResources/S_Actor.uasset" 151
"../../../Engine/Content/EditorResources/S_Trigger.uasset" 152
"../../../Engine/Content/EditorResources/LightIcons/S_LightError.uasset" 153
"../../../Engine/Content/EditorResources/SequenceRecorder/Countdown.uasset" 154
"../../../Engine/Content/EditorResources/SequenceRecorder/RecordingIndicator.uasset" 155
"../../../Engine/Content/EditorSounds/Notifications/CompileFailed.uasset" 156
"../../../Engine/Content/EditorSounds/Notifications/CompileFailed_Cue.uasset" 157
"../../../Engine/Content/EditorSounds/Notifications/CompileSuccess.uasset" 158
"../../../Engine/Content/EditorSounds/Notifications/CompileStart_Cue.uasset" 159
"../../../Engine/Content/EditorSounds/Notifications/CompileSuccess_Cue.uasset" 160
"../../../Engine/Content/EngineDamageTypes/DmgTypeBP_Environmental.uasset" 161
"../../../Engine/Content/EngineDebugMaterials/HeatmapGradient.uasset" 162
"../../../Engine/Content/EngineDebugMaterials/BoneWeightMaterial.uasset" 163
"../../../Engine/Content/EngineDebugMaterials/ClothMaterial.uasset" 164
"../../../Engine/Content/EngineDebugMaterials/ClothMaterial_WF.uasset" 165
"../../../Engine/Content/EngineDebugMaterials/DebugEditorMaterial.uasset" 166
"../../../Engine/Content/EngineDebugMaterials/DebugMeshMaterial.uasset" 167
"../../../Engine/Content/EngineDebugMaterials/GeomMaterial.uasset" 168
"../../../Engine/Content/EngineFonts/Faces/RobotoBold.uasset" 169
"../../../Engine/Content/EngineFonts/Faces/RobotoBoldItalic.uasset" 170
"../../../Engine/Content/EngineFonts/Faces/RobotoItalic.uasset" 171
"../../../Engine/Content/EngineFonts/Faces/RobotoLight.uasset" 172
"../../../Engine/Content/EngineFonts/Faces/RobotoRegular.uasset" 173
"../../../Engine/Content/EngineFonts/Roboto.uasset" 174
"../../../Engine/Content/EngineFonts/Faces/RobotoTiny.uasset" 175
"../../../Engine/Content/EngineFonts/RobotoTiny.uasset" 176
"../../../Engine/Content/EngineMaterials/DefaultBloomKernel.uasset" 177
"../../../Engine/Content/EngineMaterials/DefaultBokeh.uasset" 178
"../../../Engine/Content/EngineMaterials/DefaultDiffuse.uasset" 179
"../../../Engine/Content/EngineMaterials/DefaultDeferredDecalMaterial.uasset" 180
"../../../Engine/Content/EngineMaterials/DefaultLightFunctionMaterial.uasset" 181
"../../../Engine/Content/EngineMaterials/DefaultPhysicalMaterial.uasset" 182
"../../../Engine/Content/Functions/Engine_MaterialFunctions02/Utility/BreakOutFloat2Components.uasset" 183
"../../../Engine/Content/EngineMaterials/DefaultPostProcessMaterial.uasset" 184
"../../../Engine/Content/EngineFonts/RobotoDistanceField.uasset" 185
"../../../Engine/Content/EngineMaterials/DefaultTextMaterialOpaque.uasset" 186
"../../../Engine/Content/EngineMaterials/DefaultWhiteGrid.uasset" 187
"../../../Engine/Content/EngineMaterials/EditorBrushMaterial.uasset" 188
"../../../Engine/Content/EngineMaterials/Good64x64TilingNoiseHighFreq.uasset" 189
"../../../Engine/Content/EngineMaterials/MiniFont.uasset" 190
"../../../Engine/Content/EngineMaterials/InvalidLightmapSettings.uasset" 191
"../../../Engine/Content/EngineMaterials/M_InvalidLightmapSettings.uasset" 192
"../../../Engine/Content/Functions/Engine_MaterialFunctions02/WorldPositionOffset/CameraOffset.uasset" 193
"../../../Engine/Content/EngineMaterials/PhAT_JointLimitMaterial.uasset" 194
"../../../Engine/Content/EngineMaterials/PreintegratedSkinBRDF.uasset" 195
"../../../Engine/Content/EngineMaterials/RemoveSurfaceMaterial.uasset" 196
"../../../Engine/Content/EngineMaterials/WeightMapPlaceholderTexture.uasset" 197
"../../../Engine/Content/EngineResources/WhiteSquareTexture.uasset" 198
"../../../Engine/Content/EngineMaterials/Widget3DPassThrough.uasset" 199
"../../../Engine/Content/EngineMaterials/Widget3DPassThrough_Masked.uasset" 200
"../../../Engine/Content/EngineMaterials/Widget3DPassThrough_Opaque.uasset" 201
"../../../Engine/Content/EngineMaterials/Widget3DPassThrough_Masked_OneSided.uasset" 202
"../../../Engine/Content/EngineMaterials/Widget3DPassThrough_Opaque_OneSided.uasset" 203
"../../../Engine/Content/EngineMaterials/Widget3DPassThrough_Translucent.uasset" 204
"../../../Engine/Content/EngineMaterials/Widget3DPassThrough_Translucent_OneSided.uasset" 205
"../../../Engine/Content/EngineMeshes/Cube.uasset" 206
"../../../Engine/Content/EngineMeshes/Cylinder.uasset" 207
"../../../Engine/Content/EngineMeshes/Sphere.uasset" 208
"../../../Engine/Content/EngineResources/Black.uasset" 209
"../../../Engine/Content/EngineResources/DefaultTexture.uasset" 210
"../../../Engine/Content/EngineResources/DefaultTextureCube.uasset" 211
"../../../Engine/Content/EngineResources/GradientTexture0.uasset" 212
"../../../Engine/Content/EngineSounds/Master.uasset" 213
"../../../Engine/Content/Functions/Engine_MaterialFunctions01/Shading/ConvertFromDiffSpec.uasset" 214
"../../../Engine/Content/Functions/Engine_MaterialFunctions01/Shading/PowerToRoughness.uasset" 215
"../../../Engine/Content/Maps/Templates/Thumbnails/Default.uasset" 216
"../../../Engine/Content/Maps/Templates/Thumbnails/VR-Basic.uasset" 217
"../../../Engine/Content/MobileResources/T_MobileControls_texture.uasset" 218
"../../../Engine/Content/MobileResources/T_MobileMenu2.uasset" 219
"../../../Engine/Content/MobileResources/HUD/AnalogHat.uasset" 220
"../../../Engine/Content/MobileResources/HUD/VirtualJoystick_Background.uasset" 221
"../../../Engine/Content/MobileResources/HUD/VirtualJoystick_Thumb.uasset" 222
"../../../Engine/Content/MobileResources/HUD/DefaultVirtualJoysticks.uasset" 223
"../../../Engine/Content/MobileResources/HUD/LeftVirtualJoystickOnly.uasset" 224
"../../../Engine/Content/MobileResources/HUD/MobileHUDButton1_off.uasset" 225
"../../../Engine/Content/MobileResources/HUD/MobileHUDButton1_on.uasset" 226
"../../../Engine/Content/MobileResources/HUD/MobileHUDButton2_off.uasset" 227
"../../../Engine/Content/MobileResources/HUD/MobileHUDButton2_on.uasset" 228
"../../../Engine/Content/MobileResources/HUD/MobileHUDButton3.uasset" 229
"../../../Engine/Content/MobileResources/HUD/MobileHUDButtonFire.uasset" 230
"../../../Engine/Content/MobileResources/HUD/MobileHUDDirectionPad.uasset" 231
"../../../Engine/Content/MobileResources/HUD/MobileHUDDirectionPad2.uasset" 232
"../../../Engine/Content/MobileResources/HUD/MobileHUDDirectionPad3.uasset" 233
"../../../Engine/Content/MobileResources/HUD/MobileHUDDirectionStick.uasset" 234
"../../../Engine/Content/MobileResources/HUD/T_Castle_ThumbstickInner.uasset" 235
"../../../Engine/Content/MobileResources/HUD/T_Castle_ThumbstickOutter.uasset" 236
"../../../Engine/Content/Tutorial/ContentIntroCurve.uasset" 237
"../../../Engine/Content/Tutorial/Basics/TutorialAssets/icon_tab_Levels_40x.uasset" 238
"../../../Engine/Content/Tutorial/BlueprintTutorials/TutorialAssets/BlueprintInterface_64x.uasset" 239
"../../../Engine/Content/Tutorial/BlueprintTutorials/TutorialAssets/BlueprintMacroLibrary_64x.uasset" 240
"../../../Engine/Content/Tutorial/BlueprintTutorials/TutorialAssets/Blueprint_64x.uasset" 241
"../../../Engine/Content/Tutorial/BlueprintTutorials/TutorialAssets/Tutorial_BP_Interface.uasset" 242
"../../../Engine/Content/Tutorial/Foliage/TutorialAssets/Foliage.uasset" 243
"../../../Engine/Content/Tutorial/Landscape/TutorialAssets/Landscape.uasset" 244
"../../../Engine/Content/Tutorial/Mobile/TutorialAssets/android_Icon.uasset" 245
"../../../Engine/Content/Tutorial/Paper2D/TutorialAssets/Paper2DFlipbook_TutorialIcon.uasset" 246
"../../../Engine/Content/Tutorial/Paper2D/TutorialAssets/Paper2DSprite_TutorialIcon.uasset" 247
"../../../Engine/Content/Tutorial/SubEditors/TutorialAssets/icon_Editor_Preferences_General_40x.uasset" 248
"../../../Engine/Content/Tutorial/SubEditors/TutorialAssets/icon_ShowSkeletalMeshes_40x.uasset" 249
"../../../Engine/Content/Tutorial/SubEditors/TutorialAssets/TutorialMaterial.uasset" 250
"../../../Engine/Content/Tutorial/SubEditors/TutorialAssets/T_SmokeSubUV_8X8.uasset" 251
"../../../Engine/Content/Tutorial/SubEditors/TutorialAssets/T_soft_smoke.uasset" 252
"../../../Engine/Content/Tutorial/SubEditors/TutorialAssets/M_smoke_subUV_blackbody.uasset" 253
"../../../Engine/Content/Tutorial/SubEditors/TutorialAssets/TutorialParticleSystem.uasset" 254
"../../../Engine/Content/VREditor/Fonts/VRText_RobotoLarge.uasset" 255
"../../../Engine/Content/VREditor/Fonts/VRTextMaterial.uasset" 256
"../../../Engine/Content/VREditor/WorldMovementGrid/SimpleGrid.uasset" 257
"../../../Engine/Content/VREditor/WorldMovementGrid/GridMaterial.uasset" 258
"../../../Engine/Content/Functions/Engine_MaterialFunctions01/Density/ExponentialDensity.uasset" 259
"../../../Engine/Content/VREditor/WorldMovementGrid/GridPostProcess.uasset" 260
"../../../Engine/Content/Functions/Engine_MaterialFunctions02/Utility/BreakOutFloat3Components.uasset" 261
"../../../Engine/Content/VREditor/Devices/Vive/VivePreController_MasksB.uasset" 262
"../../../Engine/Content/VREditor/Devices/Oculus/OculusControllerMaterial.uasset" 263
"../../../Engine/Content/VREditor/Devices/Oculus/OculusControllerMaterial_Inst.uasset" 264
"../../../Engine/Content/VREditor/Devices/Vive/T_VivePreController_EM.uasset" 265
"../../../Engine/Content/VREditor/Devices/Vive/VivePreController_MasksA.uasset" 266
"../../../Engine/Content/VREditor/Devices/Vive/VivePreControllerDiffuse.uasset" 267
"../../../Engine/Content/VREditor/Devices/Vive/VivePreControllerSpec.uasset" 268
"../../../Engine/Content/VREditor/LaserPointer/VR_LaserPower_01.uasset" 269
"../../../Engine/Content/VREditor/Devices/Vive/VivePreControllerMaterial.uasset" 270
"../../../Engine/Content/VREditor/Devices/Vive/VivePreControllerMaterial_Inst.uasset" 271
"../../../Engine/Content/VREditor/LaserPointer/LaserPointerMaterial.uasset" 272
"../../../Engine/Content/VREditor/LaserPointer/LaserPointerMaterialInst.uasset" 273
"../../../Engine/Content/VREditor/LaserPointer/TranslucentLaserPointerMaterialInst.uasset" 274
"../../../Engine/Content/VREditor/Teleport/TeleportDirectionMaterial.uasset" 275
"../../../Engine/Content/VREditor/Teleport/TeleportDirectionMaterial_Inst.uasset" 276
"../../../Engine/Content/VREditor/TransformGizmo/TransformGizmoMaterial.uasset" 277
"../../../Engine/Content/VREditor/TransformGizmo/TransformGizmoMaterial_Inst.uasset" 278
"../../../Engine/Content/VREditor/TransformGizmo/TranslucentTransformGizmoMaterial.uasset" 279
"../../../Engine/Content/VREditor/TransformGizmo/TranslucentTransformGizmoMaterial_Inst.uasset" 280
"../../../Engine/Content/VREditor/Devices/Generic/GenericHMDMaterial.uasset" 281
"../../../Engine/Content/VREditor/Devices/Generic/GenericHMD.uasset" 282
"../../../Engine/Content/VREditor/Devices/Oculus/OculusControllerMesh.uasset" 283
"../../../Engine/Content/VREditor/Devices/Vive/VivePreControllerMesh.uasset" 284
"../../../Engine/Content/VREditor/LaserPointer/CursorPointer.uasset" 285
"../../../Engine/Content/VREditor/LaserPointer/HoverMaterial.uasset" 286
"../../../Engine/Content/VREditor/LaserPointer/TranslucentHoverMaterial.uasset" 287
"../../../Engine/Content/VREditor/LaserPointer/HoverMesh.uasset" 288
"../../../Engine/Content/VREditor/LaserPointer/LaserPointerMesh.uasset" 289
"../../../Engine/Content/VREditor/LaserPointer/LaserPointerMesh_End.uasset" 290
"../../../Engine/Content/VREditor/LaserPointer/LaserPointerMesh_Start.uasset" 291
"../../../Engine/Content/VREditor/Sounds/UI/Click_on_Button_Cue.uasset" 292
"../../../Engine/Content/VREditor/Sounds/UI/Dockable_Window_Close.uasset" 293
"../../../Engine/Content/VREditor/Sounds/UI/Dockable_Window_Drop.uasset" 294
"../../../Engine/Content/VREditor/Sounds/UI/Dockable_Window_Open.uasset" 295
"../../../Engine/Content/VREditor/Sounds/UI/Dockable_Window_Pick_Up.uasset" 296
"../../../Engine/Content/VREditor/Sounds/UI/Drop_Item_From_ContentBrowser.uasset" 297
"../../../Engine/Content/VREditor/Sounds/UI/Floating_UI_Open-001.uasset" 298
"../../../Engine/Content/VREditor/Sounds/UI/Radial_Menu_FadeOut.uasset" 299
"../../../Engine/Content/VREditor/Sounds/UI/Teleport_Mode_Entered.uasset" 300
"../../../Engine/Content/VREditor/Sounds/VR_teleport.uasset" 301
"../../../Engine/Content/VREditor/Teleport/TeleportDirectionMesh.uasset" 302
"../../../Engine/Content/VREditor/TransformGizmo/Main.uasset" 303
"../../../Engine/Content/VREditor/TransformGizmo/Xray.uasset" 304
"../../../Engine/Content/VREditor/TransformGizmo/SM_Dialog_Close.uasset" 305
"../../../Engine/Content/VREditor/TransformGizmo/SM_Dialog_Move.uasset" 306
"../../../Engine/Content/VREditor/Devices/Vive/UE4_Logo.uasset" 307
"../../../Engine/Content/VREditor/UI/M_ContentWindow.uasset" 308
"../../../Engine/Content/VREditor/UI/SM_ContentWindow_01.uasset" 309
"../../../Engine/Content/VREditor/UI/KeyDiskMaterial.uasset" 310
"../../../Engine/Content/VREditor/UI/DiscMaterial.uasset" 311
"../../../Engine/Content/VREditor/UI/SM_Radial_Disk.uasset" 312
"../../../Engine/Content/VREditor/UI/ArrowMaterial.uasset" 313
"../../../Engine/Content/VREditor/UI/SM_Radial_Pointer.uasset" 314
"../../../Engine/Content/EditorLandscapeResources/FlattenHeightMat.uasset" 315
"../../../Engine/Content/VREditor/WorldMovementGrid/PlaneMesh.uasset" 316
"../../../Engine/Content/VREditor/VREditorAssetContainerData.uasset" 317
"../../../Engine/Content/VREditor/FloatingText/LineMaterial.uasset" 318
"../../../Engine/Content/VREditor/FloatingText/JointSphere.uasset" 319
"../../../Engine/Content/VREditor/FloatingText/LineSegmentCylinder.uasset" 320
"../../../Engine/Content/VREditor/Fonts/TranslucentVRTextMaterial.uasset" 321
"../../../Engine/Content/VREditor/Sounds/UI/Click_on_Button.uasset" 322
"../../../Engine/Content/VREditor/TransformGizmo/BoundingBoxCorner.uasset" 323
"../../../Engine/Content/VREditor/TransformGizmo/BoundingBoxEdge.uasset" 324
"../../../Engine/Content/VREditor/TransformGizmo/PlaneTranslationHandle.uasset" 325
"../../../Engine/Content/VREditor/TransformGizmo/SM_Sequencer_Key.uasset" 326
"../../../Engine/Content/VREditor/TransformGizmo/SM_Sequencer_Node.uasset" 327
"../../Plugins/2D/Paper2D/Content/PlaceholderTextures/DummySpriteTexture.uasset" 328
"../../Plugins/2D/Paper2D/Content/DummySprite.uasset" 329
"../../Plugins/2D/Paper2D/Content/DefaultPaperTerrainMaterial.uasset" 330
"../../Plugins/2D/Paper2D/Content/DefaultSpriteMaterial.uasset" 331
"../../Plugins/2D/Paper2D/Content/MaskedUnlitSpriteMaterial.uasset" 332
"../../Plugins/2D/Paper2D/Content/OpaqueUnlitSpriteMaterial.uasset" 333
"../../Plugins/Media/MediaCompositing/Content/DefaultMediaPlaneTexture.uasset" 334
"../../Plugins/Media/MediaCompositing/Content/DefaultMediaPlaneMaterial.uasset" 335
"../../Plugins/Runtime/Oculus/OculusVR/Content/Textures/GearVRController_AO.uasset" 336
"../../Plugins/Runtime/Oculus/OculusVR/Content/Textures/GearVRController_Color.uasset" 337
"../../Plugins/Runtime/Oculus/OculusVR/Content/Textures/GearVRController_Normal.uasset" 338
"../../Plugins/Runtime/Oculus/OculusVR/Content/Materials/GearVRControllerMaterial.uasset" 339
"../../Plugins/Runtime/Oculus/OculusVR/Content/Meshes/GearVrController.uasset" 340
"../../../Engine/Content/EditorBlueprintResources/StandardMacros.uasset" 341
"../../../Engine/Content/EngineSky/C_Sky_Cloud_Color.uasset" 342
"../../../Engine/Content/EngineSky/C_Sky_Horizon_Color.uasset" 343
"../../../Engine/Content/EngineSky/C_Sky_Zenith_Color.uasset" 344
"../../../Engine/Content/EngineSky/T_Sky_Blue.uasset" 345
"../../../Engine/Content/EngineSky/T_Sky_Clouds_M.uasset" 346
"../../../Engine/Content/EngineSky/T_Sky_Stars.uasset" 347
"../../../Engine/Content/EngineSky/M_Sky_Panning_Clouds2.uasset" 348
"../../../Engine/Content/EngineSky/SM_SkySphere.uasset" 349
"../../../Engine/Content/EngineSky/BP_Sky_Sphere.uasset" 350
"../../../../../../Users/User/Documents/GitHub/TunnelBall/Content/MobileStarterContent/Textures/T_Rock_Basalt_D.uasset" 351
"../../../../../../Users/User/Documents/GitHub/TunnelBall/Content/MobileStarterContent/Textures/T_Rock_Basalt_N.uasset" 352
"../../../../../../Users/User/Documents/GitHub/TunnelBall/Content/MobileStarterContent/Materials/M_Rock_Basalt.uasset" 353
"../../../Engine/Content/EngineMaterials/Grid.uasset" 354
"../../../../../../Users/User/Documents/GitHub/TunnelBall/Content/Rolling/Materials/PM_Ball.uasset" 355
"../../../../../../Users/User/Documents/GitHub/TunnelBall/Content/Rolling/Materials/M_Blue_Checker.uasset" 356
"../../../../../../Users/User/Documents/GitHub/TunnelBall/Content/Rolling/Meshes/BallMesh.uasset" 357
"../../../../../../Users/User/Documents/GitHub/TunnelBall/Content/RollingBP/Brick_Wall.uasset" 358
"../../../../../../Users/User/Documents/GitHub/TunnelBall/Content/RollingBP/UMG/EndGameHUD.uasset" 359
"../../../../../../Users/User/Documents/GitHub/TunnelBall/Content/RollingBP/Blueprints/RunCharacter2.uasset" 360
"../../../../../../Users/User/Documents/GitHub/TunnelBall/Content/MobileStarterContent/Textures/T_RockMesh_M.uasset" 361
"../../../../../../Users/User/Documents/GitHub/TunnelBall/Content/MobileStarterContent/Textures/T_RockMesh_N.uasset" 362
"../../../../../../Users/User/Documents/GitHub/TunnelBall/Content/MobileStarterContent/Props/Materials/M_Rock.uasset" 363
"../../../../../../Users/User/Documents/GitHub/TunnelBall/Content/MobileStarterContent/Props/SM_Rock.uasset" 364
"../../../../../../Users/User/Documents/GitHub/TunnelBall/Content/RollingBP/Blueprints/BP_Blocker.uasset" 365
"../../../../../../Users/User/Documents/GitHub/TunnelBall/Content/MobileStarterContent/Textures/T_Metal_Gold_D.uasset" 366
"../../../../../../Users/User/Documents/GitHub/TunnelBall/Content/MobileStarterContent/Materials/M_Metal_Gold.uasset" 367
"../../../../../../Users/User/Documents/GitHub/TunnelBall/Content/MobileStarterContent/Shapes/Shape_Sphere.uasset" 368
"../../../../../../Users/User/Documents/GitHub/TunnelBall/Content/RollingBP/Blueprints/BP_Item.uasset" 369
"../../../../../../Users/User/Documents/GitHub/TunnelBall/Content/MobileStarterContent/Textures/T_Ground_Gravel_D.uasset" 370
"../../../../../../Users/User/Documents/GitHub/TunnelBall/Content/MobileStarterContent/Textures/T_Ground_Gravel_N.uasset" 371
"../../../../../../Users/User/Documents/GitHub/TunnelBall/Content/MobileStarterContent/Materials/M_Ground_Gravel.uasset" 372
"../../../../../../Users/User/Documents/GitHub/TunnelBall/Content/Geometry/Meshes/1M_Cube.uasset" 373
"../../../../../../Users/User/Documents/GitHub/TunnelBall/Content/RollingBP/Blueprints/BP_FloorTile.uasset" 374
"../../../../../../Users/User/Documents/GitHub/TunnelBall/Content/RollingBP/UMG/GameHUD.uasset" 375
"../../../../../../Users/User/Documents/GitHub/TunnelBall/Content/RollingBP/UMG/MainMenu.uasset" 376
"../../../../../../Users/User/Documents/GitHub/TunnelBall/Content/RollingBP/Blueprints/RollingGameMode.uasset" 377
"../../../../../../Users/User/Documents/GitHub/TunnelBall/Content/RollingBP/Maps/GameMap_BuiltData.uasset" 378
"../../../../../../Users/User/Documents/GitHub/TunnelBall/Content/RollingBP/Maps/GameMap.umap" 379
"../../../Engine/Content/Maps/Entry.umap" 380
